2022-09-07 11:13:27.146  INFO 26204 --- [restartedMain] i.g.c.msclientes.MsclientesApplication   : Starting MsclientesApplication using Java 11.0.16 on nilson-Inspiron with PID 26204 (/home/nilson/projetos/java/projeto-cursoms/msclientes/target/classes started by nilson in /home/nilson/projetos/java/projeto-cursoms/msclientes)
2022-09-07 11:13:27.148  INFO 26204 --- [restartedMain] i.g.c.msclientes.MsclientesApplication   : No active profile set, falling back to 1 default profile: "default"
2022-09-07 11:13:27.220  INFO 26204 --- [restartedMain] .e.DevToolsPropertyDefaultsPostProcessor : Devtools property defaults active! Set 'spring.devtools.add-properties' to 'false' to disable
2022-09-07 11:13:27.220  INFO 26204 --- [restartedMain] .e.DevToolsPropertyDefaultsPostProcessor : For additional web related logging consider setting the 'logging.level.web' property to 'DEBUG'
2022-09-07 11:13:28.372  INFO 26204 --- [restartedMain] .s.d.r.c.RepositoryConfigurationDelegate : Bootstrapping Spring Data JPA repositories in DEFAULT mode.
2022-09-07 11:13:28.546  INFO 26204 --- [restartedMain] .s.d.r.c.RepositoryConfigurationDelegate : Finished Spring Data repository scanning in 164 ms. Found 1 JPA repository interfaces.
2022-09-07 11:13:28.845  INFO 26204 --- [restartedMain] o.s.cloud.context.scope.GenericScope     : BeanFactory id=b268aad8-2ca7-3406-bb56-860ca0d99cd6
2022-09-07 11:13:29.587  INFO 26204 --- [restartedMain] o.s.b.w.embedded.tomcat.TomcatWebServer  : Tomcat initialized with port(s): 0 (http)
2022-09-07 11:13:29.598  INFO 26204 --- [restartedMain] o.apache.catalina.core.StandardService   : Starting service [Tomcat]
2022-09-07 11:13:29.599  INFO 26204 --- [restartedMain] org.apache.catalina.core.StandardEngine  : Starting Servlet engine: [Apache Tomcat/9.0.60]
2022-09-07 11:13:29.675  INFO 26204 --- [restartedMain] o.a.c.c.C.[Tomcat].[localhost].[/]       : Initializing Spring embedded WebApplicationContext
2022-09-07 11:13:29.676  INFO 26204 --- [restartedMain] w.s.c.ServletWebServerApplicationContext : Root WebApplicationContext: initialization completed in 2454 ms
2022-09-07 11:13:29.888  INFO 26204 --- [restartedMain] com.zaxxer.hikari.HikariDataSource       : HikariPool-1 - Starting...
2022-09-07 11:13:30.118  INFO 26204 --- [restartedMain] com.zaxxer.hikari.HikariDataSource       : HikariPool-1 - Start completed.
2022-09-07 11:13:30.130  INFO 26204 --- [restartedMain] o.s.b.a.h2.H2ConsoleAutoConfiguration    : H2 console available at '/h2-console'. Database available at 'jdbc:h2:mem:8b6af90c-9b2e-46ae-8875-9dbab956705d'
2022-09-07 11:13:30.378  INFO 26204 --- [restartedMain] o.hibernate.jpa.internal.util.LogHelper  : HHH000204: Processing PersistenceUnitInfo [name: default]
2022-09-07 11:13:30.444  INFO 26204 --- [restartedMain] org.hibernate.Version                    : HHH000412: Hibernate ORM core version 5.6.7.Final
2022-09-07 11:13:30.618  INFO 26204 --- [restartedMain] o.hibernate.annotations.common.Version   : HCANN000001: Hibernate Commons Annotations {5.1.2.Final}
2022-09-07 11:13:30.763  INFO 26204 --- [restartedMain] org.hibernate.dialect.Dialect            : HHH000400: Using dialect: org.hibernate.dialect.H2Dialect
2022-09-07 11:13:31.283  INFO 26204 --- [restartedMain] o.h.e.t.j.p.i.JtaPlatformInitiator       : HHH000490: Using JtaPlatform implementation: [org.hibernate.engine.transaction.jta.platform.internal.NoJtaPlatform]
2022-09-07 11:13:31.289  INFO 26204 --- [restartedMain] j.LocalContainerEntityManagerFactoryBean : Initialized JPA EntityManagerFactory for persistence unit 'default'
2022-09-07 11:13:31.719  WARN 26204 --- [restartedMain] JpaBaseConfiguration$JpaWebConfiguration : spring.jpa.open-in-view is enabled by default. Therefore, database queries may be performed during view rendering. Explicitly configure spring.jpa.open-in-view to disable this warning
2022-09-07 11:13:32.416  INFO 26204 --- [restartedMain] o.s.b.d.a.OptionalLiveReloadServer       : LiveReload server is running on port 35729
2022-09-07 11:13:32.487  INFO 26204 --- [restartedMain] DiscoveryClientOptionalArgsConfiguration : Eureka HTTP Client uses RestTemplate.
2022-09-07 11:13:32.591  WARN 26204 --- [restartedMain] iguration$LoadBalancerCaffeineWarnLogger : Spring Cloud LoadBalancer is currently working with the default cache. While this cache implementation is useful for development and tests, it's recommended to use Caffeine cache in production.You can switch to using Caffeine cache, by adding it and org.springframework.cache.caffeine.CaffeineCacheManager to the classpath.
2022-09-07 11:13:32.597  INFO 26204 --- [restartedMain] o.s.b.a.e.web.EndpointLinksResolver      : Exposing 1 endpoint(s) beneath base path '/actuator'
2022-09-07 11:13:32.668  INFO 26204 --- [restartedMain] o.s.b.w.embedded.tomcat.TomcatWebServer  : Tomcat started on port(s): 43361 (http) with context path ''
2022-09-07 11:13:32.671  INFO 26204 --- [restartedMain] .s.c.n.e.s.EurekaAutoServiceRegistration : Updating port to 43361
2022-09-07 11:13:32.677  INFO 26204 --- [restartedMain] o.s.c.n.eureka.InstanceInfoFactory       : Setting initial instance status as: STARTING
2022-09-07 11:13:32.796  INFO 26204 --- [restartedMain] com.netflix.discovery.DiscoveryClient    : Initializing Eureka in region us-east-1
2022-09-07 11:13:32.805  INFO 26204 --- [restartedMain] c.n.d.s.r.aws.ConfigClusterResolver      : Resolving eureka endpoints via configuration
2022-09-07 11:13:32.843  INFO 26204 --- [restartedMain] com.netflix.discovery.DiscoveryClient    : Disable delta property : false
2022-09-07 11:13:32.843  INFO 26204 --- [restartedMain] com.netflix.discovery.DiscoveryClient    : Single vip registry refresh property : null
2022-09-07 11:13:32.843  INFO 26204 --- [restartedMain] com.netflix.discovery.DiscoveryClient    : Force full registry fetch : false
2022-09-07 11:13:32.843  INFO 26204 --- [restartedMain] com.netflix.discovery.DiscoveryClient    : Application is null : false
2022-09-07 11:13:32.843  INFO 26204 --- [restartedMain] com.netflix.discovery.DiscoveryClient    : Registered Applications size is zero : true
2022-09-07 11:13:32.844  INFO 26204 --- [restartedMain] com.netflix.discovery.DiscoveryClient    : Application version is -1: true
2022-09-07 11:13:32.844  INFO 26204 --- [restartedMain] com.netflix.discovery.DiscoveryClient    : Getting all instance registry info from the eureka server
2022-09-07 11:13:33.345  INFO 26204 --- [restartedMain] com.netflix.discovery.DiscoveryClient    : The response status is 200
2022-09-07 11:13:33.349  INFO 26204 --- [restartedMain] com.netflix.discovery.DiscoveryClient    : Starting heartbeat executor: renew interval is: 30
2022-09-07 11:13:33.352  INFO 26204 --- [restartedMain] c.n.discovery.InstanceInfoReplicator     : InstanceInfoReplicator onDemand update allowed rate per min is 4
2022-09-07 11:13:33.357  INFO 26204 --- [restartedMain] com.netflix.discovery.DiscoveryClient    : Discovery Client initialized at timestamp 1662560013356 with initial instances count: 3
2022-09-07 11:13:33.359  INFO 26204 --- [restartedMain] o.s.c.n.e.s.EurekaServiceRegistry        : Registering application MSCLIENTES with eureka with status UP
2022-09-07 11:13:33.359  INFO 26204 --- [restartedMain] com.netflix.discovery.DiscoveryClient    : Saw local status change event StatusChangeEvent [timestamp=1662560013359, current=UP, previous=STARTING]
2022-09-07 11:13:33.361  INFO 26204 --- [DiscoveryClient-InstanceInfoReplicator-0] com.netflix.discovery.DiscoveryClient    : DiscoveryClient_MSCLIENTES/msclientes:44fed8bb835d87d95780c2fd587d8c8a: registering service...
2022-09-07 11:13:33.424  INFO 26204 --- [restartedMain] i.g.c.msclientes.MsclientesApplication   : Started MsclientesApplication in 7.167 seconds (JVM running for 8.077)
2022-09-07 11:13:33.475  INFO 26204 --- [DiscoveryClient-InstanceInfoReplicator-0] com.netflix.discovery.DiscoveryClient    : DiscoveryClient_MSCLIENTES/msclientes:44fed8bb835d87d95780c2fd587d8c8a - registration status: 204
2022-09-07 11:13:54.426  INFO 26204 --- [http-nio-auto-1-exec-1] o.a.c.c.C.[Tomcat].[localhost].[/]       : Initializing Spring DispatcherServlet 'dispatcherServlet'
2022-09-07 11:13:54.428  INFO 26204 --- [http-nio-auto-1-exec-1] o.s.web.servlet.DispatcherServlet        : Initializing Servlet 'dispatcherServlet'
2022-09-07 11:13:54.430  INFO 26204 --- [http-nio-auto-1-exec-1] o.s.web.servlet.DispatcherServlet        : Completed initialization in 2 ms
2022-09-07 11:15:16.816  INFO 26204 --- [SpringApplicationShutdownHook] o.s.c.n.e.s.EurekaServiceRegistry        : Unregistering application MSCLIENTES with eureka with status DOWN
2022-09-07 11:15:16.821  INFO 26204 --- [SpringApplicationShutdownHook] com.netflix.discovery.DiscoveryClient    : Saw local status change event StatusChangeEvent [timestamp=1662560116820, current=DOWN, previous=UP]
2022-09-07 11:15:16.822  INFO 26204 --- [DiscoveryClient-InstanceInfoReplicator-0] com.netflix.discovery.DiscoveryClient    : DiscoveryClient_MSCLIENTES/msclientes:44fed8bb835d87d95780c2fd587d8c8a: registering service...
2022-09-07 11:15:16.844  INFO 26204 --- [DiscoveryClient-InstanceInfoReplicator-0] com.netflix.discovery.DiscoveryClient    : DiscoveryClient_MSCLIENTES/msclientes:44fed8bb835d87d95780c2fd587d8c8a - registration status: 204
2022-09-07 11:15:16.871  INFO 26204 --- [SpringApplicationShutdownHook] j.LocalContainerEntityManagerFactoryBean : Closing JPA EntityManagerFactory for persistence unit 'default'
2022-09-07 11:15:16.872  INFO 26204 --- [SpringApplicationShutdownHook] .SchemaDropperImpl$DelayedDropActionImpl : HHH000477: Starting delayed evictData of schema as part of SessionFactory shut-down'
2022-09-07 11:15:17.092  WARN 26204 --- [SpringApplicationShutdownHook] o.s.b.f.support.DisposableBeanAdapter    : Invocation of destroy method failed on bean with name 'inMemoryDatabaseShutdownExecutor': org.h2.jdbc.JdbcSQLNonTransientConnectionException: Database is already closed (to disable automatic closing at VM shutdown, add ";DB_CLOSE_ON_EXIT=FALSE" to the db URL) [90121-200]
2022-09-07 11:15:17.093  INFO 26204 --- [SpringApplicationShutdownHook] com.zaxxer.hikari.HikariDataSource       : HikariPool-1 - Shutdown initiated...
2022-09-07 11:15:17.098  INFO 26204 --- [SpringApplicationShutdownHook] com.zaxxer.hikari.HikariDataSource       : HikariPool-1 - Shutdown completed.
2022-09-07 11:15:17.102  INFO 26204 --- [SpringApplicationShutdownHook] com.netflix.discovery.DiscoveryClient    : Shutting down DiscoveryClient ...
2022-09-07 11:15:20.110  INFO 26204 --- [SpringApplicationShutdownHook] com.netflix.discovery.DiscoveryClient    : Unregistering ...
2022-09-07 11:15:20.123  INFO 26204 --- [SpringApplicationShutdownHook] com.netflix.discovery.DiscoveryClient    : DiscoveryClient_MSCLIENTES/msclientes:44fed8bb835d87d95780c2fd587d8c8a - deregister  status: 200
2022-09-07 11:15:20.142  INFO 26204 --- [SpringApplicationShutdownHook] com.netflix.discovery.DiscoveryClient    : Completed shut down of DiscoveryClient
2022-09-07 11:16:52.667  INFO 26928 --- [restartedMain] i.g.c.msclientes.MsclientesApplication   : Starting MsclientesApplication using Java 11.0.16 on nilson-Inspiron with PID 26928 (/home/nilson/projetos/java/projeto-cursoms/msclientes/target/classes started by nilson in /home/nilson/projetos/java/projeto-cursoms/msclientes)
2022-09-07 11:16:52.668  INFO 26928 --- [restartedMain] i.g.c.msclientes.MsclientesApplication   : No active profile set, falling back to 1 default profile: "default"
2022-09-07 11:16:52.740  INFO 26928 --- [restartedMain] .e.DevToolsPropertyDefaultsPostProcessor : Devtools property defaults active! Set 'spring.devtools.add-properties' to 'false' to disable
2022-09-07 11:16:52.740  INFO 26928 --- [restartedMain] .e.DevToolsPropertyDefaultsPostProcessor : For additional web related logging consider setting the 'logging.level.web' property to 'DEBUG'
2022-09-07 11:16:53.766  INFO 26928 --- [restartedMain] .s.d.r.c.RepositoryConfigurationDelegate : Bootstrapping Spring Data JPA repositories in DEFAULT mode.
2022-09-07 11:16:53.917  INFO 26928 --- [restartedMain] .s.d.r.c.RepositoryConfigurationDelegate : Finished Spring Data repository scanning in 141 ms. Found 1 JPA repository interfaces.
2022-09-07 11:16:54.170  INFO 26928 --- [restartedMain] o.s.cloud.context.scope.GenericScope     : BeanFactory id=b268aad8-2ca7-3406-bb56-860ca0d99cd6
2022-09-07 11:16:54.788  INFO 26928 --- [restartedMain] o.s.b.w.embedded.tomcat.TomcatWebServer  : Tomcat initialized with port(s): 0 (http)
2022-09-07 11:16:54.797  INFO 26928 --- [restartedMain] o.apache.catalina.core.StandardService   : Starting service [Tomcat]
2022-09-07 11:16:54.798  INFO 26928 --- [restartedMain] org.apache.catalina.core.StandardEngine  : Starting Servlet engine: [Apache Tomcat/9.0.60]
2022-09-07 11:16:54.858  INFO 26928 --- [restartedMain] o.a.c.c.C.[Tomcat].[localhost].[/]       : Initializing Spring embedded WebApplicationContext
2022-09-07 11:16:54.859  INFO 26928 --- [restartedMain] w.s.c.ServletWebServerApplicationContext : Root WebApplicationContext: initialization completed in 2118 ms
2022-09-07 11:16:54.997  INFO 26928 --- [restartedMain] com.zaxxer.hikari.HikariDataSource       : HikariPool-1 - Starting...
2022-09-07 11:16:55.165  INFO 26928 --- [restartedMain] com.zaxxer.hikari.HikariDataSource       : HikariPool-1 - Start completed.
2022-09-07 11:16:55.174  INFO 26928 --- [restartedMain] o.s.b.a.h2.H2ConsoleAutoConfiguration    : H2 console available at '/h2-console'. Database available at 'jdbc:h2:mem:28dd5cc0-68c5-4ed3-b403-37d79c511999'
2022-09-07 11:16:55.367  INFO 26928 --- [restartedMain] o.hibernate.jpa.internal.util.LogHelper  : HHH000204: Processing PersistenceUnitInfo [name: default]
2022-09-07 11:16:55.420  INFO 26928 --- [restartedMain] org.hibernate.Version                    : HHH000412: Hibernate ORM core version 5.6.7.Final
2022-09-07 11:16:55.606  INFO 26928 --- [restartedMain] o.hibernate.annotations.common.Version   : HCANN000001: Hibernate Commons Annotations {5.1.2.Final}
2022-09-07 11:16:55.741  INFO 26928 --- [restartedMain] org.hibernate.dialect.Dialect            : HHH000400: Using dialect: org.hibernate.dialect.H2Dialect
2022-09-07 11:16:56.183  INFO 26928 --- [restartedMain] o.h.e.t.j.p.i.JtaPlatformInitiator       : HHH000490: Using JtaPlatform implementation: [org.hibernate.engine.transaction.jta.platform.internal.NoJtaPlatform]
2022-09-07 11:16:56.190  INFO 26928 --- [restartedMain] j.LocalContainerEntityManagerFactoryBean : Initialized JPA EntityManagerFactory for persistence unit 'default'
2022-09-07 11:16:56.548  WARN 26928 --- [restartedMain] JpaBaseConfiguration$JpaWebConfiguration : spring.jpa.open-in-view is enabled by default. Therefore, database queries may be performed during view rendering. Explicitly configure spring.jpa.open-in-view to disable this warning
2022-09-07 11:16:57.097  INFO 26928 --- [restartedMain] o.s.b.d.a.OptionalLiveReloadServer       : LiveReload server is running on port 35729
2022-09-07 11:16:57.160  INFO 26928 --- [restartedMain] DiscoveryClientOptionalArgsConfiguration : Eureka HTTP Client uses RestTemplate.
2022-09-07 11:16:57.266  WARN 26928 --- [restartedMain] iguration$LoadBalancerCaffeineWarnLogger : Spring Cloud LoadBalancer is currently working with the default cache. While this cache implementation is useful for development and tests, it's recommended to use Caffeine cache in production.You can switch to using Caffeine cache, by adding it and org.springframework.cache.caffeine.CaffeineCacheManager to the classpath.
2022-09-07 11:16:57.272  INFO 26928 --- [restartedMain] o.s.b.a.e.web.EndpointLinksResolver      : Exposing 1 endpoint(s) beneath base path '/actuator'
2022-09-07 11:16:57.320  INFO 26928 --- [restartedMain] o.s.b.w.embedded.tomcat.TomcatWebServer  : Tomcat started on port(s): 34123 (http) with context path ''
2022-09-07 11:16:57.322  INFO 26928 --- [restartedMain] .s.c.n.e.s.EurekaAutoServiceRegistration : Updating port to 34123
2022-09-07 11:16:57.328  INFO 26928 --- [restartedMain] o.s.c.n.eureka.InstanceInfoFactory       : Setting initial instance status as: STARTING
2022-09-07 11:16:57.401  INFO 26928 --- [restartedMain] com.netflix.discovery.DiscoveryClient    : Initializing Eureka in region us-east-1
2022-09-07 11:16:57.406  INFO 26928 --- [restartedMain] c.n.d.s.r.aws.ConfigClusterResolver      : Resolving eureka endpoints via configuration
2022-09-07 11:16:57.428  INFO 26928 --- [restartedMain] com.netflix.discovery.DiscoveryClient    : Disable delta property : false
2022-09-07 11:16:57.428  INFO 26928 --- [restartedMain] com.netflix.discovery.DiscoveryClient    : Single vip registry refresh property : null
2022-09-07 11:16:57.428  INFO 26928 --- [restartedMain] com.netflix.discovery.DiscoveryClient    : Force full registry fetch : false
2022-09-07 11:16:57.429  INFO 26928 --- [restartedMain] com.netflix.discovery.DiscoveryClient    : Application is null : false
2022-09-07 11:16:57.429  INFO 26928 --- [restartedMain] com.netflix.discovery.DiscoveryClient    : Registered Applications size is zero : true
2022-09-07 11:16:57.429  INFO 26928 --- [restartedMain] com.netflix.discovery.DiscoveryClient    : Application version is -1: true
2022-09-07 11:16:57.429  INFO 26928 --- [restartedMain] com.netflix.discovery.DiscoveryClient    : Getting all instance registry info from the eureka server
2022-09-07 11:16:57.809  INFO 26928 --- [restartedMain] com.netflix.discovery.DiscoveryClient    : The response status is 200
2022-09-07 11:16:57.812  INFO 26928 --- [restartedMain] com.netflix.discovery.DiscoveryClient    : Starting heartbeat executor: renew interval is: 30
2022-09-07 11:16:57.814  INFO 26928 --- [restartedMain] c.n.discovery.InstanceInfoReplicator     : InstanceInfoReplicator onDemand update allowed rate per min is 4
2022-09-07 11:16:57.819  INFO 26928 --- [restartedMain] com.netflix.discovery.DiscoveryClient    : Discovery Client initialized at timestamp 1662560217818 with initial instances count: 1
2022-09-07 11:16:57.821  INFO 26928 --- [restartedMain] o.s.c.n.e.s.EurekaServiceRegistry        : Registering application MSCLIENTES with eureka with status UP
2022-09-07 11:16:57.821  INFO 26928 --- [restartedMain] com.netflix.discovery.DiscoveryClient    : Saw local status change event StatusChangeEvent [timestamp=1662560217821, current=UP, previous=STARTING]
2022-09-07 11:16:57.823  INFO 26928 --- [DiscoveryClient-InstanceInfoReplicator-0] com.netflix.discovery.DiscoveryClient    : DiscoveryClient_MSCLIENTES/msclientes:ce816da473bc8506f8a3691839560eb9: registering service...
2022-09-07 11:16:57.889  INFO 26928 --- [restartedMain] i.g.c.msclientes.MsclientesApplication   : Started MsclientesApplication in 5.86 seconds (JVM running for 6.71)
2022-09-07 11:16:57.929  INFO 26928 --- [DiscoveryClient-InstanceInfoReplicator-0] com.netflix.discovery.DiscoveryClient    : DiscoveryClient_MSCLIENTES/msclientes:ce816da473bc8506f8a3691839560eb9 - registration status: 204
2022-09-07 11:17:06.810  INFO 26928 --- [http-nio-auto-1-exec-1] o.a.c.c.C.[Tomcat].[localhost].[/]       : Initializing Spring DispatcherServlet 'dispatcherServlet'
2022-09-07 11:17:06.810  INFO 26928 --- [http-nio-auto-1-exec-1] o.s.web.servlet.DispatcherServlet        : Initializing Servlet 'dispatcherServlet'
2022-09-07 11:17:06.812  INFO 26928 --- [http-nio-auto-1-exec-1] o.s.web.servlet.DispatcherServlet        : Completed initialization in 1 ms
2022-09-07 11:18:37.258  INFO 26928 --- [SpringApplicationShutdownHook] o.s.c.n.e.s.EurekaServiceRegistry        : Unregistering application MSCLIENTES with eureka with status DOWN
2022-09-07 11:18:37.259  INFO 26928 --- [SpringApplicationShutdownHook] com.netflix.discovery.DiscoveryClient    : Saw local status change event StatusChangeEvent [timestamp=1662560317259, current=DOWN, previous=UP]
2022-09-07 11:18:37.260  INFO 26928 --- [DiscoveryClient-InstanceInfoReplicator-0] com.netflix.discovery.DiscoveryClient    : DiscoveryClient_MSCLIENTES/msclientes:ce816da473bc8506f8a3691839560eb9: registering service...
2022-09-07 11:18:37.277  INFO 26928 --- [DiscoveryClient-InstanceInfoReplicator-0] com.netflix.discovery.DiscoveryClient    : DiscoveryClient_MSCLIENTES/msclientes:ce816da473bc8506f8a3691839560eb9 - registration status: 204
2022-09-07 11:18:37.294  INFO 26928 --- [SpringApplicationShutdownHook] j.LocalContainerEntityManagerFactoryBean : Closing JPA EntityManagerFactory for persistence unit 'default'
2022-09-07 11:18:37.295  INFO 26928 --- [SpringApplicationShutdownHook] .SchemaDropperImpl$DelayedDropActionImpl : HHH000477: Starting delayed evictData of schema as part of SessionFactory shut-down'
2022-09-07 11:18:37.511  WARN 26928 --- [SpringApplicationShutdownHook] o.s.b.f.support.DisposableBeanAdapter    : Invocation of destroy method failed on bean with name 'inMemoryDatabaseShutdownExecutor': org.h2.jdbc.JdbcSQLNonTransientConnectionException: Database is already closed (to disable automatic closing at VM shutdown, add ";DB_CLOSE_ON_EXIT=FALSE" to the db URL) [90121-200]
2022-09-07 11:18:37.513  INFO 26928 --- [SpringApplicationShutdownHook] com.zaxxer.hikari.HikariDataSource       : HikariPool-1 - Shutdown initiated...
2022-09-07 11:18:37.526  INFO 26928 --- [SpringApplicationShutdownHook] com.zaxxer.hikari.HikariDataSource       : HikariPool-1 - Shutdown completed.
2022-09-07 11:18:37.530  INFO 26928 --- [SpringApplicationShutdownHook] com.netflix.discovery.DiscoveryClient    : Shutting down DiscoveryClient ...
2022-09-07 11:18:40.533  INFO 26928 --- [SpringApplicationShutdownHook] com.netflix.discovery.DiscoveryClient    : Unregistering ...
2022-09-07 11:18:40.544  INFO 26928 --- [SpringApplicationShutdownHook] com.netflix.discovery.DiscoveryClient    : DiscoveryClient_MSCLIENTES/msclientes:ce816da473bc8506f8a3691839560eb9 - deregister  status: 200
2022-09-07 11:18:40.552  INFO 26928 --- [SpringApplicationShutdownHook] com.netflix.discovery.DiscoveryClient    : Completed shut down of DiscoveryClient
2022-09-07 11:19:49.203  INFO 27417 --- [restartedMain] i.g.c.msclientes.MsclientesApplication   : Starting MsclientesApplication using Java 11.0.16 on nilson-Inspiron with PID 27417 (/home/nilson/projetos/java/projeto-cursoms/msclientes/target/classes started by nilson in /home/nilson/projetos/java/projeto-cursoms/msclientes)
2022-09-07 11:19:49.208  INFO 27417 --- [restartedMain] i.g.c.msclientes.MsclientesApplication   : No active profile set, falling back to 1 default profile: "default"
2022-09-07 11:19:49.387  INFO 27417 --- [restartedMain] .e.DevToolsPropertyDefaultsPostProcessor : Devtools property defaults active! Set 'spring.devtools.add-properties' to 'false' to disable
2022-09-07 11:19:49.387  INFO 27417 --- [restartedMain] .e.DevToolsPropertyDefaultsPostProcessor : For additional web related logging consider setting the 'logging.level.web' property to 'DEBUG'
2022-09-07 11:19:50.910  INFO 27417 --- [restartedMain] .s.d.r.c.RepositoryConfigurationDelegate : Bootstrapping Spring Data JPA repositories in DEFAULT mode.
2022-09-07 11:19:51.119  INFO 27417 --- [restartedMain] .s.d.r.c.RepositoryConfigurationDelegate : Finished Spring Data repository scanning in 194 ms. Found 1 JPA repository interfaces.
2022-09-07 11:19:51.595  INFO 27417 --- [restartedMain] o.s.cloud.context.scope.GenericScope     : BeanFactory id=7d12f49c-9fea-3657-8d9f-7e150d7ad9da
2022-09-07 11:19:52.519  INFO 27417 --- [restartedMain] o.s.b.w.embedded.tomcat.TomcatWebServer  : Tomcat initialized with port(s): 0 (http)
2022-09-07 11:19:52.530  INFO 27417 --- [restartedMain] o.apache.catalina.core.StandardService   : Starting service [Tomcat]
2022-09-07 11:19:52.530  INFO 27417 --- [restartedMain] org.apache.catalina.core.StandardEngine  : Starting Servlet engine: [Apache Tomcat/9.0.60]
2022-09-07 11:19:52.596  INFO 27417 --- [restartedMain] o.a.c.c.C.[Tomcat].[localhost].[/]       : Initializing Spring embedded WebApplicationContext
2022-09-07 11:19:52.597  INFO 27417 --- [restartedMain] w.s.c.ServletWebServerApplicationContext : Root WebApplicationContext: initialization completed in 3209 ms
2022-09-07 11:19:52.790  INFO 27417 --- [restartedMain] com.zaxxer.hikari.HikariDataSource       : HikariPool-1 - Starting...
2022-09-07 11:19:52.987  INFO 27417 --- [restartedMain] com.zaxxer.hikari.HikariDataSource       : HikariPool-1 - Start completed.
2022-09-07 11:19:52.999  INFO 27417 --- [restartedMain] o.s.b.a.h2.H2ConsoleAutoConfiguration    : H2 console available at '/h2-console'. Database available at 'jdbc:h2:mem:5117a75b-eaff-4cde-a25f-3875e3a05b55'
2022-09-07 11:19:53.310  INFO 27417 --- [restartedMain] o.hibernate.jpa.internal.util.LogHelper  : HHH000204: Processing PersistenceUnitInfo [name: default]
2022-09-07 11:19:53.363  INFO 27417 --- [restartedMain] org.hibernate.Version                    : HHH000412: Hibernate ORM core version 5.6.7.Final
2022-09-07 11:19:53.494  INFO 27417 --- [restartedMain] o.hibernate.annotations.common.Version   : HCANN000001: Hibernate Commons Annotations {5.1.2.Final}
2022-09-07 11:19:53.615  INFO 27417 --- [restartedMain] org.hibernate.dialect.Dialect            : HHH000400: Using dialect: org.hibernate.dialect.H2Dialect
2022-09-07 11:19:54.112  INFO 27417 --- [restartedMain] o.h.e.t.j.p.i.JtaPlatformInitiator       : HHH000490: Using JtaPlatform implementation: [org.hibernate.engine.transaction.jta.platform.internal.NoJtaPlatform]
2022-09-07 11:19:54.119  INFO 27417 --- [restartedMain] j.LocalContainerEntityManagerFactoryBean : Initialized JPA EntityManagerFactory for persistence unit 'default'
2022-09-07 11:19:54.541  WARN 27417 --- [restartedMain] JpaBaseConfiguration$JpaWebConfiguration : spring.jpa.open-in-view is enabled by default. Therefore, database queries may be performed during view rendering. Explicitly configure spring.jpa.open-in-view to disable this warning
2022-09-07 11:19:55.903  INFO 27417 --- [restartedMain] o.s.b.d.a.OptionalLiveReloadServer       : LiveReload server is running on port 35729
2022-09-07 11:19:55.994  INFO 27417 --- [restartedMain] DiscoveryClientOptionalArgsConfiguration : Eureka HTTP Client uses RestTemplate.
2022-09-07 11:19:56.122  WARN 27417 --- [restartedMain] iguration$LoadBalancerCaffeineWarnLogger : Spring Cloud LoadBalancer is currently working with the default cache. While this cache implementation is useful for development and tests, it's recommended to use Caffeine cache in production.You can switch to using Caffeine cache, by adding it and org.springframework.cache.caffeine.CaffeineCacheManager to the classpath.
2022-09-07 11:19:56.137  INFO 27417 --- [restartedMain] o.s.b.a.e.web.EndpointLinksResolver      : Exposing 17 endpoint(s) beneath base path '/actuator'
2022-09-07 11:19:56.224  INFO 27417 --- [restartedMain] o.s.b.w.embedded.tomcat.TomcatWebServer  : Tomcat started on port(s): 37611 (http) with context path ''
2022-09-07 11:19:56.227  INFO 27417 --- [restartedMain] .s.c.n.e.s.EurekaAutoServiceRegistration : Updating port to 37611
2022-09-07 11:19:56.235  INFO 27417 --- [restartedMain] o.s.c.n.eureka.InstanceInfoFactory       : Setting initial instance status as: STARTING
2022-09-07 11:19:56.359  INFO 27417 --- [restartedMain] com.netflix.discovery.DiscoveryClient    : Initializing Eureka in region us-east-1
2022-09-07 11:19:56.372  INFO 27417 --- [restartedMain] c.n.d.s.r.aws.ConfigClusterResolver      : Resolving eureka endpoints via configuration
2022-09-07 11:19:56.435  INFO 27417 --- [restartedMain] com.netflix.discovery.DiscoveryClient    : Disable delta property : false
2022-09-07 11:19:56.435  INFO 27417 --- [restartedMain] com.netflix.discovery.DiscoveryClient    : Single vip registry refresh property : null
2022-09-07 11:19:56.435  INFO 27417 --- [restartedMain] com.netflix.discovery.DiscoveryClient    : Force full registry fetch : false
2022-09-07 11:19:56.435  INFO 27417 --- [restartedMain] com.netflix.discovery.DiscoveryClient    : Application is null : false
2022-09-07 11:19:56.435  INFO 27417 --- [restartedMain] com.netflix.discovery.DiscoveryClient    : Registered Applications size is zero : true
2022-09-07 11:19:56.435  INFO 27417 --- [restartedMain] com.netflix.discovery.DiscoveryClient    : Application version is -1: true
2022-09-07 11:19:56.435  INFO 27417 --- [restartedMain] com.netflix.discovery.DiscoveryClient    : Getting all instance registry info from the eureka server
2022-09-07 11:19:57.012  INFO 27417 --- [restartedMain] com.netflix.discovery.DiscoveryClient    : The response status is 200
2022-09-07 11:19:57.014  INFO 27417 --- [restartedMain] com.netflix.discovery.DiscoveryClient    : Starting heartbeat executor: renew interval is: 30
2022-09-07 11:19:57.017  INFO 27417 --- [restartedMain] c.n.discovery.InstanceInfoReplicator     : InstanceInfoReplicator onDemand update allowed rate per min is 4
2022-09-07 11:19:57.023  INFO 27417 --- [restartedMain] com.netflix.discovery.DiscoveryClient    : Discovery Client initialized at timestamp 1662560397023 with initial instances count: 0
2022-09-07 11:19:57.026  INFO 27417 --- [restartedMain] o.s.c.n.e.s.EurekaServiceRegistry        : Registering application MSCLIENTES with eureka with status UP
2022-09-07 11:19:57.027  INFO 27417 --- [restartedMain] com.netflix.discovery.DiscoveryClient    : Saw local status change event StatusChangeEvent [timestamp=1662560397027, current=UP, previous=STARTING]
2022-09-07 11:19:57.028  INFO 27417 --- [DiscoveryClient-InstanceInfoReplicator-0] com.netflix.discovery.DiscoveryClient    : DiscoveryClient_MSCLIENTES/msclientes:945d53527c8bed75694fd9ea1a09ed30: registering service...
2022-09-07 11:19:57.094  INFO 27417 --- [restartedMain] i.g.c.msclientes.MsclientesApplication   : Started MsclientesApplication in 9.337 seconds (JVM running for 10.626)
2022-09-07 11:19:57.160  INFO 27417 --- [DiscoveryClient-InstanceInfoReplicator-0] com.netflix.discovery.DiscoveryClient    : DiscoveryClient_MSCLIENTES/msclientes:945d53527c8bed75694fd9ea1a09ed30 - registration status: 204
2022-09-07 11:19:59.931  INFO 27417 --- [http-nio-auto-1-exec-1] o.a.c.c.C.[Tomcat].[localhost].[/]       : Initializing Spring DispatcherServlet 'dispatcherServlet'
2022-09-07 11:19:59.932  INFO 27417 --- [http-nio-auto-1-exec-1] o.s.web.servlet.DispatcherServlet        : Initializing Servlet 'dispatcherServlet'
2022-09-07 11:19:59.934  INFO 27417 --- [http-nio-auto-1-exec-1] o.s.web.servlet.DispatcherServlet        : Completed initialization in 2 ms
2022-09-07 11:20:27.015  INFO 27417 --- [DiscoveryClient-CacheRefreshExecutor-0] com.netflix.discovery.DiscoveryClient    : Disable delta property : false
2022-09-07 11:20:27.016  INFO 27417 --- [DiscoveryClient-CacheRefreshExecutor-0] com.netflix.discovery.DiscoveryClient    : Single vip registry refresh property : null
2022-09-07 11:20:27.016  INFO 27417 --- [DiscoveryClient-CacheRefreshExecutor-0] com.netflix.discovery.DiscoveryClient    : Force full registry fetch : false
2022-09-07 11:20:27.016  INFO 27417 --- [DiscoveryClient-CacheRefreshExecutor-0] com.netflix.discovery.DiscoveryClient    : Application is null : false
2022-09-07 11:20:27.016  INFO 27417 --- [DiscoveryClient-CacheRefreshExecutor-0] com.netflix.discovery.DiscoveryClient    : Registered Applications size is zero : true
2022-09-07 11:20:27.017  INFO 27417 --- [DiscoveryClient-CacheRefreshExecutor-0] com.netflix.discovery.DiscoveryClient    : Application version is -1: false
2022-09-07 11:20:27.017  INFO 27417 --- [DiscoveryClient-CacheRefreshExecutor-0] com.netflix.discovery.DiscoveryClient    : Getting all instance registry info from the eureka server
2022-09-07 11:20:27.029  INFO 27417 --- [DiscoveryClient-CacheRefreshExecutor-0] com.netflix.discovery.DiscoveryClient    : The response status is 200
2022-09-07 11:24:56.438  INFO 27417 --- [AsyncResolver-bootstrap-executor-0] c.n.d.s.r.aws.ConfigClusterResolver      : Resolving eureka endpoints via configuration
